Build started 6/22/2018 8:46:17 PM.
     1>Project "C:\Users\Larry Nguyen\documents\visual studio 2010\Projects\dp\dp\dp.vcxproj" on node 2 (build target(s)).
     1>InitializeBuildStatus:
         Creating "Debug\dp.unsuccessfulbuild" because "AlwaysCreate" was specified.
       ClCompile:
         C:\Program Files (x86)\Microsoft Visual Studio 10.0\VC\bin\CL.exe /c /ZI /nologo /W3 /WX- /Od /Oy- /D _MBCS /Gm /EHsc /RTC1 /MDd /GS /fp:precise /Zc:wchar_t /Zc:forScope /Fo"Debug\\" /Fd"Debug\vc100.pdb" /Gd /TP /analyze- /errorReport:prompt old_smartphone.cpp
         old_smartphone.cpp
     1>c:\users\larry nguyen\documents\visual studio 2010\projects\dp\dp\old_smartphone.cpp(13): warning C4996: 'freopen': This function or variable may be unsafe. Consider using freopen_s instead. To disable deprecation, use _CRT_SECURE_NO_WARNINGS. See online help for details.
                 c:\program files (x86)\microsoft visual studio 10.0\vc\include\stdio.h(249) : see declaration of 'freopen'
     1>c:\users\larry nguyen\documents\visual studio 2010\projects\dp\dp\old_smartphone.cpp(12): warning C4101: 'k' : unreferenced local variable
     1>c:\users\larry nguyen\documents\visual studio 2010\projects\dp\dp\old_smartphone.cpp(12): warning C4101: 'j' : unreferenced local variable
     1>c:\users\larry nguyen\documents\visual studio 2010\projects\dp\dp\old_smartphone.cpp(11): warning C4101: 'ans' : unreferenced local variable
       Link:
         C:\Program Files (x86)\Microsoft Visual Studio 10.0\VC\bin\link.exe /ERRORREPORT:PROMPT /OUT:"C:\Users\Larry Nguyen\documents\visual studio 2010\Projects\dp\Debug\dp.exe" /NOLOGO kernel32.lib user32.lib gdi32.lib winspool.lib comdlg32.lib advapi32.lib shell32.lib ole32.lib oleaut32.lib uuid.lib odbc32.lib odbccp32.lib /MANIFEST /ManifestFile:"Debug\dp.exe.intermediate.manifest" /MANIFESTUAC:"level='asInvoker' uiAccess='false'" /DEBUG /PDB:"C:\Users\Larry Nguyen\documents\visual studio 2010\Projects\dp\Debug\dp.pdb" /TLBID:1 /DYNAMICBASE /NXCOMPAT /IMPLIB:"C:\Users\Larry Nguyen\documents\visual studio 2010\Projects\dp\Debug\dp.lib" /MACHINE:X86 Debug\old_smartphone.obj
         LINK : C:\Users\Larry Nguyen\documents\visual studio 2010\Projects\dp\Debug\dp.exe not found or not built by the last incremental link; performing full link
         dp.vcxproj -> C:\Users\Larry Nguyen\documents\visual studio 2010\Projects\dp\Debug\dp.exe
       Manifest:
         C:\Program Files (x86)\Microsoft SDKs\Windows\v7.0A\bin\mt.exe /nologo /verbose /outputresource:"C:\Users\Larry Nguyen\documents\visual studio 2010\Projects\dp\Debug\dp.exe;#1" /manifest Debug\dp.exe.intermediate.manifest
       FinalizeBuildStatus:
         Deleting file "Debug\dp.unsuccessfulbuild".
         Touching "Debug\dp.lastbuildstate".
     1>Done Building Project "C:\Users\Larry Nguyen\documents\visual studio 2010\Projects\dp\dp\dp.vcxproj" (build target(s)).

Build succeeded.

Time Elapsed 00:00:01.08
